<?xml version="1.0" encoding="UTF-8"?>
<testng-results skipped="0" failed="0" total="2" passed="2">
  <reporter-output>
  </reporter-output>
  <suite name="Suite" duration-ms="47" started-at="2016-06-08T09:14:31Z" finished-at="2016-06-08T09:14:31Z">
    <groups>
    </groups>
    <test name="Test" duration-ms="47" started-at="2016-06-08T09:14:31Z" finished-at="2016-06-08T09:14:31Z">
      <class name="TestNG.TestNGDemo">
        <test-method status="PASS" signature="sample1()[pri:0, instance:TestNG.TestNGDemo@1e2d159]" name="sample1" duration-ms="15" started-at="2016-06-08T14:44:31Z" finished-at="2016-06-08T14:44:31Z">
          <reporter-output>
          </reporter-output>
        </test-method> <!-- sample1 -->
        <test-method status="PASS" signature="sample2()[pri:0, instance:TestNG.TestNGDemo@1e2d159]" name="sample2" duration-ms="0" started-at="2016-06-08T14:44:31Z" finished-at="2016-06-08T14:44:31Z">
          <reporter-output>
          </reporter-output>
        </test-method> <!-- sample2 -->
      </class> <!-- TestNG.TestNGDemo -->
    </test> <!-- Test -->
  </suite> <!-- Suite -->
</testng-results>
